{"level":"error","message":"Server error while trying to fetch all users: Association with alias \"Accounts\" does not exist on User","service":"user-service"}
{"level":"error","message":"Server error while trying to create user: relation \"Users\" does not exist","service":"user-service"}
{"level":"error","message":"Server error while trying to create user: relation \"Users\" does not exist","service":"user-service"}
{"level":"error","message":"Server error while trying to create user: relation \"Users\" does not exist","service":"user-service"}
{"level":"error","message":"Server error while trying to create user: relation \"Users\" does not exist","service":"user-service"}
{"level":"error","message":"Server error while trying to create user: relation \"Users\" does not exist","service":"user-service"}
{"level":"error","message":"Failed to create address: UserAddress is not defined","service":"user-service"}
{"level":"error","message":"Failed to create address: UserAddress is not defined","service":"user-service"}
{"level":"error","message":"Failed to create address: UserAddress is not defined","service":"user-service"}
{"level":"error","message":"Failed to create address: UserAddress is not defined","service":"user-service"}
{"level":"error","message":"Failed to create address: UserAddress is not defined","service":"user-service"}
{"level":"error","message":"Failed to create address: UserAddress is not defined","service":"user-service"}
{"level":"error","message":"Failed to create address: UserAddress is not defined","service":"user-service"}
{"level":"error","message":"Failed to create address: UserAddress is not defined","service":"user-service"}
{"level":"error","message":"Failed to create address: UserAddress is not defined","service":"user-service"}
{"level":"error","message":"Failed to create address: UserAddress is not defined","service":"user-service"}
{"level":"error","message":"Failed to create address: UserAddress is not defined","service":"user-service"}
{"level":"error","message":"Failed to create address: UserAddress is not defined","service":"user-service"}
{"level":"error","message":"Failed to create address: UserAddress is not defined","service":"user-service"}
{"level":"error","message":"Failed to create address: UserAddress is not defined","service":"user-service"}
{"level":"error","message":"Failed to create address: UserAddress is not defined","service":"user-service"}
{"level":"error","message":"Failed to create address: UserAddress is not defined","service":"user-service"}
{"level":"error","message":"Failed to create address: this.build(...).save is not a function","service":"user-service"}
{"level":"error","message":"Failed to create address: this.build(...).save is not a function","service":"user-service"}
{"level":"error","message":"Failed to create address: relation \"UserAddresses\" does not exist","service":"user-service"}
{"level":"error","message":"Failed to create address: relation \"UserAddresses\" does not exist","service":"user-service"}
{"level":"error","message":"Failed to create address: relation \"UserAddresses\" does not exist","service":"user-service"}
{"level":"error","message":"Failed to create address: relation \"UserAddresses\" does not exist","service":"user-service"}
{"level":"error","message":"Failed to create address: this.build(...).save is not a function","service":"user-service"}
{"level":"error","message":"Failed to create address: relation \"UserAddresses\" does not exist","service":"user-service"}
{"level":"error","message":"Failed to create address: relation \"UserAddresses\" does not exist","service":"user-service"}
{"level":"error","message":"Failed to create address: column \"id\" of relation \"UserAddresses\" does not exist","service":"user-service"}
{"level":"error","message":"Failed to create address: relation \"UserAddresses\" does not exist","service":"user-service"}
{"level":"error","message":"Failed to create address: relation \"UserAddresses\" does not exist","service":"user-service"}
{"level":"error","message":"Failed to create address: relation \"UserAddresses\" does not exist","service":"user-service"}
{"level":"error","message":"Failed to create address: relation \"UserAddresses\" does not exist","service":"user-service"}
{"level":"error","message":"Failed to create address: relation \"UserAddresses\" does not exist","service":"user-service"}
{"level":"error","message":"Failed to create address: relation \"UserAddresses\" does not exist","service":"user-service"}
{"level":"error","message":"Failed to create address: relation \"UserAddresses\" does not exist","service":"user-service"}
{"level":"error","message":"Failed to create address: null value in column \"id\" of relation \"UserAddresses\" violates not-null constraint","service":"user-service"}
{"level":"error","message":"Failed to create address: null value in column \"id\" of relation \"UserAddresses\" violates not-null constraint","service":"user-service"}
{"level":"error","message":"Failed to create address: null value in column \"id\" of relation \"UserAddresses\" violates not-null constraint","service":"user-service"}
{"level":"error","message":"Failed to create address: null value in column \"id\" of relation \"UserAddresses\" violates not-null constraint","service":"user-service"}
{"level":"error","message":"Failed to create address: null value in column \"id\" of relation \"UserAddresses\" violates not-null constraint","service":"user-service"}
{"level":"error","message":"Failed to create address: relation \"UserAddresses\" does not exist","service":"user-service"}
{"level":"error","message":"Failed to create address: null value in column \"id\" of relation \"UserAddresses\" violates not-null constraint","service":"user-service"}
{"level":"error","message":"Failed to create address: relation \"UserAddresses\" does not exist","service":"user-service"}
{"level":"error","message":"Failed to create address: null value in column \"id\" of relation \"UserAddresses\" violates not-null constraint","service":"user-service"}
{"level":"error","message":"Failed to create address: relation \"UserAddresses\" does not exist","service":"user-service"}
{"level":"error","message":"Server error while trying to fetch all users: Association with alias \"Accounts\" does not exist on User","service":"user-service"}
{"level":"error","message":"Server error while trying to fetch all users: Association with alias \"Accounts\" does not exist on User","service":"user-service"}
{"level":"error","message":"Server error while trying to fetch all users: Association with alias \"Accounts\" does not exist on User","service":"user-service"}
{"level":"error","message":"Server error while trying to fetch user: Association with alias \"Accounts\" does not exist on User","service":"user-service"}
{"level":"error","message":"Server error while trying to fetch user: Association with alias \"Accounts\" does not exist on User","service":"user-service"}
{"level":"error","message":"Server error while trying to fetch all users: Association with alias \"Accounts\" does not exist on User","service":"user-service"}
{"level":"error","message":"Server error while trying to fetch all users: Association with alias \"Addresses\" does not exist on User","service":"user-service"}
{"level":"error","message":"Server error while trying to fetch all users: Association with alias \"Addresses\" does not exist on User","service":"user-service"}
{"level":"error","message":"Server error while trying to fetch all users: Association with alias \"Addresses\" does not exist on User","service":"user-service"}
{"level":"error","message":"Server error while trying to fetch all users: Association with alias \"Addresses\" does not exist on User","service":"user-service"}
{"level":"error","message":"Server error while trying to fetch all users: Association with alias \"Addresses\" does not exist on User","service":"user-service"}
{"level":"error","message":"Server error while trying to fetch all users: Association with alias \"Addresses\" does not exist on User","service":"user-service"}
{"level":"error","message":"Server error while trying to fetch all users: Association with alias \"Addresses\" does not exist on User","service":"user-service"}
{"level":"error","message":"Server error while trying to fetch all users: Association with alias \"Addresses\" does not exist on User","service":"user-service"}
{"level":"error","message":"Server error while trying to fetch all users: Association with alias \"Addresses\" does not exist on User","service":"user-service"}
{"level":"error","message":"Server error while trying to fetch all users: Association with alias \"Addresses\" does not exist on User","service":"user-service"}
{"level":"error","message":"Server error while trying to fetch all users: Association with alias \"Addresses\" does not exist on User","service":"user-service"}
{"level":"error","message":"Server error while trying to fetch all users: Association with alias \"Addresses\" does not exist on User","service":"user-service"}
{"level":"error","message":"Server error while trying to delete user: sequelize is not defined","service":"user-service"}
{"level":"error","message":"Server error while trying to delete user: sequelize is not defined","service":"user-service"}
{"level":"error","message":"Server error while trying to fetch all accounts: TypeError: Cannot read properties of undefined (reading 'findAll')","service":"user-service"}
{"level":"error","message":"Server error while trying to fetch all accounts: TypeError: Cannot read properties of undefined (reading 'findAll')","service":"user-service"}
{"level":"error","message":"Server error while trying to fetch all accounts: TypeError: Cannot read properties of undefined (reading 'findAll')","service":"user-service"}
{"level":"error","message":"Server error while trying to fetch all accounts: TypeError: Cannot read properties of undefined (reading 'findAll')","service":"user-service"}
{"level":"error","message":"Server error while trying to create account: SequelizeValidationError: Validation error: Validation len on accountNumber failed,\nValidation error: Validation isAlpha on name failed","service":"user-service"}
{"level":"error","message":"Server error while trying to create account: SequelizeValidationError: Validation error: Validation len on accountNumber failed,\nValidation error: Validation isAlpha on name failed","service":"user-service"}
{"level":"error","message":"Server error while trying to create account: SequelizeValidationError: Validation error: Validation len on accountNumber failed,\nValidation error: Validation isAlpha on name failed","service":"user-service"}
{"level":"error","message":"Server error while trying to create account: SequelizeValidationError: Validation error: Validation len on accountNumber failed,\nValidation error: Validation isAlpha on name failed","service":"user-service"}
{"level":"error","message":"Server error while trying to update account: SequelizeValidationError: Validation error: Validation isAlpha on name failed","service":"user-service"}
{"level":"error","message":"Server error while trying to delete account: Error: Transaction cannot be rolled back because it has been finished with state: commit","service":"user-service"}
{"level":"error","message":"Server error while trying to create transaction: SequelizeValidationError: Validation error: Validation isDecimal on balance failed","service":"user-service"}
{"level":"error","message":"Server error while trying to create transaction: SequelizeDatabaseError: invalid input value for enum \"enum_Transactions_status\": \"complete\"","service":"user-service"}
{"level":"error","message":"Server error while trying to create transaction: TypeError: (sourceAccount.balance + amount).toFixed is not a function","service":"user-service"}
