{"level":"error","message":"Server error while trying to fetch all users: Association with alias \"Accounts\" does not exist on User","service":"user-service"}
{"level":"error","message":"Server error while trying to create user: relation \"Users\" does not exist","service":"user-service"}
{"level":"error","message":"Server error while trying to create user: relation \"Users\" does not exist","service":"user-service"}
{"level":"error","message":"Server error while trying to create user: relation \"Users\" does not exist","service":"user-service"}
{"level":"error","message":"Server error while trying to create user: relation \"Users\" does not exist","service":"user-service"}
{"level":"error","message":"Server error while trying to create user: relation \"Users\" does not exist","service":"user-service"}
{"level":"error","message":"Failed to create address: UserAddress is not defined","service":"user-service"}
{"level":"error","message":"Failed to create address: UserAddress is not defined","service":"user-service"}
{"level":"error","message":"Failed to create address: UserAddress is not defined","service":"user-service"}
{"level":"error","message":"Failed to create address: UserAddress is not defined","service":"user-service"}
{"level":"error","message":"Failed to create address: UserAddress is not defined","service":"user-service"}
{"level":"error","message":"Failed to create address: UserAddress is not defined","service":"user-service"}
{"level":"error","message":"Failed to create address: UserAddress is not defined","service":"user-service"}
{"level":"error","message":"Failed to create address: UserAddress is not defined","service":"user-service"}
{"level":"error","message":"Failed to create address: UserAddress is not defined","service":"user-service"}
{"level":"error","message":"Failed to create address: UserAddress is not defined","service":"user-service"}
{"level":"error","message":"Failed to create address: UserAddress is not defined","service":"user-service"}
{"level":"error","message":"Failed to create address: UserAddress is not defined","service":"user-service"}
{"level":"error","message":"Failed to create address: UserAddress is not defined","service":"user-service"}
{"level":"error","message":"Failed to create address: UserAddress is not defined","service":"user-service"}
{"level":"error","message":"Failed to create address: UserAddress is not defined","service":"user-service"}
{"level":"error","message":"Failed to create address: UserAddress is not defined","service":"user-service"}
{"level":"error","message":"Failed to create address: this.build(...).save is not a function","service":"user-service"}
{"level":"error","message":"Failed to create address: this.build(...).save is not a function","service":"user-service"}
{"level":"error","message":"Failed to create address: relation \"UserAddresses\" does not exist","service":"user-service"}
{"level":"error","message":"Failed to create address: relation \"UserAddresses\" does not exist","service":"user-service"}
{"level":"error","message":"Failed to create address: relation \"UserAddresses\" does not exist","service":"user-service"}
{"level":"error","message":"Failed to create address: relation \"UserAddresses\" does not exist","service":"user-service"}
{"level":"error","message":"Failed to create address: this.build(...).save is not a function","service":"user-service"}
{"level":"error","message":"Failed to create address: relation \"UserAddresses\" does not exist","service":"user-service"}
{"level":"error","message":"Failed to create address: relation \"UserAddresses\" does not exist","service":"user-service"}
{"level":"error","message":"Failed to create address: column \"id\" of relation \"UserAddresses\" does not exist","service":"user-service"}
{"level":"error","message":"Failed to create address: relation \"UserAddresses\" does not exist","service":"user-service"}
{"level":"error","message":"Failed to create address: relation \"UserAddresses\" does not exist","service":"user-service"}
{"level":"error","message":"Failed to create address: relation \"UserAddresses\" does not exist","service":"user-service"}
{"level":"error","message":"Failed to create address: relation \"UserAddresses\" does not exist","service":"user-service"}
{"level":"error","message":"Failed to create address: relation \"UserAddresses\" does not exist","service":"user-service"}
{"level":"error","message":"Failed to create address: relation \"UserAddresses\" does not exist","service":"user-service"}
{"level":"error","message":"Failed to create address: relation \"UserAddresses\" does not exist","service":"user-service"}
{"level":"error","message":"Failed to create address: null value in column \"id\" of relation \"UserAddresses\" violates not-null constraint","service":"user-service"}
{"level":"error","message":"Failed to create address: null value in column \"id\" of relation \"UserAddresses\" violates not-null constraint","service":"user-service"}
{"level":"error","message":"Failed to create address: null value in column \"id\" of relation \"UserAddresses\" violates not-null constraint","service":"user-service"}
{"level":"error","message":"Failed to create address: null value in column \"id\" of relation \"UserAddresses\" violates not-null constraint","service":"user-service"}
{"level":"error","message":"Failed to create address: null value in column \"id\" of relation \"UserAddresses\" violates not-null constraint","service":"user-service"}
{"level":"error","message":"Failed to create address: relation \"UserAddresses\" does not exist","service":"user-service"}
{"level":"error","message":"Failed to create address: null value in column \"id\" of relation \"UserAddresses\" violates not-null constraint","service":"user-service"}
{"level":"error","message":"Failed to create address: relation \"UserAddresses\" does not exist","service":"user-service"}
{"level":"error","message":"Failed to create address: null value in column \"id\" of relation \"UserAddresses\" violates not-null constraint","service":"user-service"}
{"level":"error","message":"Failed to create address: relation \"UserAddresses\" does not exist","service":"user-service"}
{"level":"error","message":"Server error while trying to fetch all users: Association with alias \"Accounts\" does not exist on User","service":"user-service"}
{"level":"error","message":"Server error while trying to fetch all users: Association with alias \"Accounts\" does not exist on User","service":"user-service"}
{"level":"error","message":"Server error while trying to fetch all users: Association with alias \"Accounts\" does not exist on User","service":"user-service"}
{"level":"error","message":"Server error while trying to fetch user: Association with alias \"Accounts\" does not exist on User","service":"user-service"}
{"level":"error","message":"Server error while trying to fetch user: Association with alias \"Accounts\" does not exist on User","service":"user-service"}
{"level":"error","message":"Server error while trying to fetch all users: Association with alias \"Accounts\" does not exist on User","service":"user-service"}
{"level":"error","message":"Server error while trying to fetch all users: Association with alias \"Addresses\" does not exist on User","service":"user-service"}
{"level":"error","message":"Server error while trying to fetch all users: Association with alias \"Addresses\" does not exist on User","service":"user-service"}
{"level":"error","message":"Server error while trying to fetch all users: Association with alias \"Addresses\" does not exist on User","service":"user-service"}
{"level":"error","message":"Server error while trying to fetch all users: Association with alias \"Addresses\" does not exist on User","service":"user-service"}
{"level":"error","message":"Server error while trying to fetch all users: Association with alias \"Addresses\" does not exist on User","service":"user-service"}
{"level":"error","message":"Server error while trying to fetch all users: Association with alias \"Addresses\" does not exist on User","service":"user-service"}
{"level":"error","message":"Server error while trying to fetch all users: Association with alias \"Addresses\" does not exist on User","service":"user-service"}
{"level":"error","message":"Server error while trying to fetch all users: Association with alias \"Addresses\" does not exist on User","service":"user-service"}
{"level":"error","message":"Server error while trying to fetch all users: Association with alias \"Addresses\" does not exist on User","service":"user-service"}
{"level":"error","message":"Server error while trying to fetch all users: Association with alias \"Addresses\" does not exist on User","service":"user-service"}
{"level":"error","message":"Server error while trying to fetch all users: Association with alias \"Addresses\" does not exist on User","service":"user-service"}
{"level":"error","message":"Server error while trying to fetch all users: Association with alias \"Addresses\" does not exist on User","service":"user-service"}
{"level":"error","message":"Server error while trying to delete user: sequelize is not defined","service":"user-service"}
{"level":"error","message":"Server error while trying to delete user: sequelize is not defined","service":"user-service"}
{"level":"error","message":"Server error while trying to fetch all accounts: TypeError: Cannot read properties of undefined (reading 'findAll')","service":"user-service"}
{"level":"error","message":"Server error while trying to fetch all accounts: TypeError: Cannot read properties of undefined (reading 'findAll')","service":"user-service"}
{"level":"error","message":"Server error while trying to fetch all accounts: TypeError: Cannot read properties of undefined (reading 'findAll')","service":"user-service"}
{"level":"error","message":"Server error while trying to fetch all accounts: TypeError: Cannot read properties of undefined (reading 'findAll')","service":"user-service"}
{"level":"error","message":"Server error while trying to create account: SequelizeValidationError: Validation error: Validation len on accountNumber failed,\nValidation error: Validation isAlpha on name failed","service":"user-service"}
{"level":"error","message":"Server error while trying to create account: SequelizeValidationError: Validation error: Validation len on accountNumber failed,\nValidation error: Validation isAlpha on name failed","service":"user-service"}
{"level":"error","message":"Server error while trying to create account: SequelizeValidationError: Validation error: Validation len on accountNumber failed,\nValidation error: Validation isAlpha on name failed","service":"user-service"}
{"level":"error","message":"Server error while trying to create account: SequelizeValidationError: Validation error: Validation len on accountNumber failed,\nValidation error: Validation isAlpha on name failed","service":"user-service"}
{"level":"error","message":"Server error while trying to update account: SequelizeValidationError: Validation error: Validation isAlpha on name failed","service":"user-service"}
{"level":"error","message":"Server error while trying to delete account: Error: Transaction cannot be rolled back because it has been finished with state: commit","service":"user-service"}
{"level":"error","message":"Server error while trying to create transaction: SequelizeValidationError: Validation error: Validation isDecimal on balance failed","service":"user-service"}
{"level":"error","message":"Server error while trying to create transaction: SequelizeDatabaseError: invalid input value for enum \"enum_Transactions_status\": \"complete\"","service":"user-service"}
{"level":"error","message":"Server error while trying to create transaction: TypeError: (sourceAccount.balance + amount).toFixed is not a function","service":"user-service"}
{"level":"error","message":"Server error while trying to fetch transactions: SequelizeEagerLoadingError: Account is associated to Transaction using an alias. You've included an alias (sourceAccount), but it does not match the alias(es) defined in your association (Account).","service":"user-service"}
{"level":"error","message":"Server error while trying to fetch transactions: SequelizeDatabaseError: column Transaction.sourceAccountId does not exist","service":"user-service"}
{"level":"error","message":"Server error while trying to fetch transactions: SequelizeDatabaseError: column Transaction.sourceAccountId does not exist","service":"user-service"}
{"level":"error","message":"Server error while trying to fetch transactions: SequelizeDatabaseError: column Transaction.sourceAccountId does not exist","service":"user-service"}
{"level":"error","message":"Server error while trying to create transaction: SequelizeValidationError: notNull Violation: Transaction.sourceAccountId cannot be null,\nnotNull Violation: Transaction.destinationAccountId cannot be null","service":"user-service"}
{"level":"error","message":"Server error while trying to create transaction: SequelizeValidationError: notNull Violation: Transaction.sourceAccountId cannot be null,\nnotNull Violation: Transaction.destinationAccountId cannot be null","service":"user-service"}
{"level":"error","message":"Server error while trying to create transaction: SequelizeValidationError: notNull Violation: Transaction.sourceAccountId cannot be null,\nnotNull Violation: Transaction.destinationAccountId cannot be null","service":"user-service"}
{"level":"error","message":"Server error while trying to create transaction: SequelizeValidationError: notNull Violation: Transaction.destinationAccountId cannot be null","service":"user-service"}
{"level":"error","message":"Server error while trying to create transaction: SequelizeDatabaseError: null value in column \"destinationAccountId\" of relation \"Transactions\" violates not-null constraint","service":"user-service"}
{"level":"error","message":"Server error while trying to create transaction: SequelizeDatabaseError: null value in column \"destinationAccountId\" of relation \"Transactions\" violates not-null constraint","service":"user-service"}
{"level":"error","message":"Server error while trying to create transaction: SequelizeDatabaseError: null value in column \"destinationAccountId\" of relation \"Transactions\" violates not-null constraint","service":"user-service"}
{"level":"error","message":"Server error while trying to create transaction: SequelizeDatabaseError: null value in column \"destinationAccountId\" of relation \"Transactions\" violates not-null constraint","service":"user-service"}
{"level":"error","message":"Server error while trying to create transaction: SequelizeDatabaseError: null value in column \"destinationAccountId\" of relation \"Transactions\" violates not-null constraint","service":"user-service"}
{"level":"error","message":"Server error while trying to create transaction: SequelizeDatabaseError: null value in column \"destinationAccountId\" of relation \"Transactions\" violates not-null constraint","service":"user-service"}
{"level":"error","message":"Server error while trying to fetch transaction with ID [object Object]: Error: Argument passed to findByPk is invalid: [object Object]","service":"user-service"}
{"level":"error","message":"Server error while trying to fetch transaction with ID 123456789001234: SequelizeDatabaseError: invalid input syntax for type uuid: \"123456789001234\"","service":"user-service"}
{"level":"error","message":"Server error while trying to fetch transactions for account with account number 123456789001234: ReferenceError: Sequelize is not defined","service":"user-service"}
{"level":"error","message":"Cannot read properties of undefined (reading 'or')","service":"user-service"}
