{"level":"error","message":"Server error while trying to fetch all users: Association with alias \"Accounts\" does not exist on User","service":"user-service"}
{"level":"error","message":"Server error while trying to create user: relation \"Users\" does not exist","service":"user-service"}
{"level":"error","message":"Server error while trying to create user: relation \"Users\" does not exist","service":"user-service"}
{"level":"error","message":"Server error while trying to create user: relation \"Users\" does not exist","service":"user-service"}
{"level":"error","message":"Server error while trying to create user: relation \"Users\" does not exist","service":"user-service"}
{"level":"error","message":"Server error while trying to create user: relation \"Users\" does not exist","service":"user-service"}
{"level":"error","message":"Failed to create address: UserAddress is not defined","service":"user-service"}
{"level":"error","message":"Failed to create address: UserAddress is not defined","service":"user-service"}
{"level":"error","message":"Failed to create address: UserAddress is not defined","service":"user-service"}
{"level":"error","message":"Failed to create address: UserAddress is not defined","service":"user-service"}
{"level":"error","message":"Failed to create address: UserAddress is not defined","service":"user-service"}
{"level":"error","message":"Failed to create address: UserAddress is not defined","service":"user-service"}
{"level":"error","message":"Failed to create address: UserAddress is not defined","service":"user-service"}
{"level":"error","message":"Failed to create address: UserAddress is not defined","service":"user-service"}
{"level":"error","message":"Failed to create address: UserAddress is not defined","service":"user-service"}
{"level":"error","message":"Failed to create address: UserAddress is not defined","service":"user-service"}
{"level":"error","message":"Failed to create address: UserAddress is not defined","service":"user-service"}
{"level":"error","message":"Failed to create address: UserAddress is not defined","service":"user-service"}
{"level":"error","message":"Failed to create address: UserAddress is not defined","service":"user-service"}
{"level":"error","message":"Failed to create address: UserAddress is not defined","service":"user-service"}
{"level":"error","message":"Failed to create address: UserAddress is not defined","service":"user-service"}
{"level":"error","message":"Failed to create address: UserAddress is not defined","service":"user-service"}
{"level":"error","message":"Failed to create address: this.build(...).save is not a function","service":"user-service"}
{"level":"error","message":"Failed to create address: this.build(...).save is not a function","service":"user-service"}
{"level":"error","message":"Failed to create address: relation \"UserAddresses\" does not exist","service":"user-service"}
{"level":"error","message":"Failed to create address: relation \"UserAddresses\" does not exist","service":"user-service"}
{"level":"error","message":"Failed to create address: relation \"UserAddresses\" does not exist","service":"user-service"}
{"level":"error","message":"Failed to create address: relation \"UserAddresses\" does not exist","service":"user-service"}
{"level":"error","message":"Failed to create address: this.build(...).save is not a function","service":"user-service"}
{"level":"error","message":"Failed to create address: relation \"UserAddresses\" does not exist","service":"user-service"}
{"level":"error","message":"Failed to create address: relation \"UserAddresses\" does not exist","service":"user-service"}
{"level":"error","message":"Failed to create address: column \"id\" of relation \"UserAddresses\" does not exist","service":"user-service"}
{"level":"error","message":"Failed to create address: relation \"UserAddresses\" does not exist","service":"user-service"}
{"level":"error","message":"Failed to create address: relation \"UserAddresses\" does not exist","service":"user-service"}
{"level":"error","message":"Failed to create address: relation \"UserAddresses\" does not exist","service":"user-service"}
{"level":"error","message":"Failed to create address: relation \"UserAddresses\" does not exist","service":"user-service"}
{"level":"error","message":"Failed to create address: relation \"UserAddresses\" does not exist","service":"user-service"}
{"level":"error","message":"Failed to create address: relation \"UserAddresses\" does not exist","service":"user-service"}
{"level":"error","message":"Failed to create address: relation \"UserAddresses\" does not exist","service":"user-service"}
{"level":"error","message":"Failed to create address: null value in column \"id\" of relation \"UserAddresses\" violates not-null constraint","service":"user-service"}
{"level":"error","message":"Failed to create address: null value in column \"id\" of relation \"UserAddresses\" violates not-null constraint","service":"user-service"}
{"level":"error","message":"Failed to create address: null value in column \"id\" of relation \"UserAddresses\" violates not-null constraint","service":"user-service"}
{"level":"error","message":"Failed to create address: null value in column \"id\" of relation \"UserAddresses\" violates not-null constraint","service":"user-service"}
{"level":"error","message":"Failed to create address: null value in column \"id\" of relation \"UserAddresses\" violates not-null constraint","service":"user-service"}
{"level":"error","message":"Failed to create address: relation \"UserAddresses\" does not exist","service":"user-service"}
{"level":"error","message":"Failed to create address: null value in column \"id\" of relation \"UserAddresses\" violates not-null constraint","service":"user-service"}
{"level":"error","message":"Failed to create address: relation \"UserAddresses\" does not exist","service":"user-service"}
{"level":"error","message":"Failed to create address: null value in column \"id\" of relation \"UserAddresses\" violates not-null constraint","service":"user-service"}
{"level":"error","message":"Failed to create address: relation \"UserAddresses\" does not exist","service":"user-service"}
{"level":"error","message":"Server error while trying to fetch all users: Association with alias \"Accounts\" does not exist on User","service":"user-service"}
{"level":"error","message":"Server error while trying to fetch all users: Association with alias \"Accounts\" does not exist on User","service":"user-service"}
{"level":"error","message":"Server error while trying to fetch all users: Association with alias \"Accounts\" does not exist on User","service":"user-service"}
{"level":"error","message":"Server error while trying to fetch user: Association with alias \"Accounts\" does not exist on User","service":"user-service"}
{"level":"error","message":"Server error while trying to fetch user: Association with alias \"Accounts\" does not exist on User","service":"user-service"}
{"level":"error","message":"Server error while trying to fetch all users: Association with alias \"Accounts\" does not exist on User","service":"user-service"}
{"level":"error","message":"Server error while trying to fetch all users: Association with alias \"Addresses\" does not exist on User","service":"user-service"}
{"level":"error","message":"Server error while trying to fetch all users: Association with alias \"Addresses\" does not exist on User","service":"user-service"}
{"level":"error","message":"Server error while trying to fetch all users: Association with alias \"Addresses\" does not exist on User","service":"user-service"}
{"level":"error","message":"Server error while trying to fetch all users: Association with alias \"Addresses\" does not exist on User","service":"user-service"}
{"level":"error","message":"Server error while trying to fetch all users: Association with alias \"Addresses\" does not exist on User","service":"user-service"}
{"level":"error","message":"Server error while trying to fetch all users: Association with alias \"Addresses\" does not exist on User","service":"user-service"}
{"level":"error","message":"Server error while trying to fetch all users: Association with alias \"Addresses\" does not exist on User","service":"user-service"}
{"level":"error","message":"Server error while trying to fetch all users: Association with alias \"Addresses\" does not exist on User","service":"user-service"}
{"level":"error","message":"Server error while trying to fetch all users: Association with alias \"Addresses\" does not exist on User","service":"user-service"}
{"level":"error","message":"Server error while trying to fetch all users: Association with alias \"Addresses\" does not exist on User","service":"user-service"}
{"level":"error","message":"Server error while trying to fetch all users: Association with alias \"Addresses\" does not exist on User","service":"user-service"}
{"level":"error","message":"Server error while trying to fetch all users: Association with alias \"Addresses\" does not exist on User","service":"user-service"}
{"level":"error","message":"Server error while trying to delete user: sequelize is not defined","service":"user-service"}
{"level":"error","message":"Server error while trying to delete user: sequelize is not defined","service":"user-service"}
{"level":"error","message":"Server error while trying to fetch all accounts: TypeError: Cannot read properties of undefined (reading 'findAll')","service":"user-service"}
{"level":"error","message":"Server error while trying to fetch all accounts: TypeError: Cannot read properties of undefined (reading 'findAll')","service":"user-service"}
{"level":"error","message":"Server error while trying to fetch all accounts: TypeError: Cannot read properties of undefined (reading 'findAll')","service":"user-service"}
{"level":"error","message":"Server error while trying to fetch all accounts: TypeError: Cannot read properties of undefined (reading 'findAll')","service":"user-service"}
{"level":"error","message":"Server error while trying to create account: SequelizeValidationError: Validation error: Validation len on accountNumber failed,\nValidation error: Validation isAlpha on name failed","service":"user-service"}
{"level":"error","message":"Server error while trying to create account: SequelizeValidationError: Validation error: Validation len on accountNumber failed,\nValidation error: Validation isAlpha on name failed","service":"user-service"}
{"level":"error","message":"Server error while trying to create account: SequelizeValidationError: Validation error: Validation len on accountNumber failed,\nValidation error: Validation isAlpha on name failed","service":"user-service"}
{"level":"error","message":"Server error while trying to create account: SequelizeValidationError: Validation error: Validation len on accountNumber failed,\nValidation error: Validation isAlpha on name failed","service":"user-service"}
{"level":"error","message":"Server error while trying to update account: SequelizeValidationError: Validation error: Validation isAlpha on name failed","service":"user-service"}
{"level":"error","message":"Server error while trying to delete account: Error: Transaction cannot be rolled back because it has been finished with state: commit","service":"user-service"}
{"level":"error","message":"Server error while trying to create transaction: SequelizeValidationError: Validation error: Validation isDecimal on balance failed","service":"user-service"}
{"level":"error","message":"Server error while trying to create transaction: SequelizeDatabaseError: invalid input value for enum \"enum_Transactions_status\": \"complete\"","service":"user-service"}
{"level":"error","message":"Server error while trying to create transaction: TypeError: (sourceAccount.balance + amount).toFixed is not a function","service":"user-service"}
{"level":"error","message":"Server error while trying to fetch transactions: SequelizeEagerLoadingError: Account is associated to Transaction using an alias. You've included an alias (sourceAccount), but it does not match the alias(es) defined in your association (Account).","service":"user-service"}
{"level":"error","message":"Server error while trying to fetch transactions: SequelizeDatabaseError: column Transaction.sourceAccountId does not exist","service":"user-service"}
{"level":"error","message":"Server error while trying to fetch transactions: SequelizeDatabaseError: column Transaction.sourceAccountId does not exist","service":"user-service"}
{"level":"error","message":"Server error while trying to fetch transactions: SequelizeDatabaseError: column Transaction.sourceAccountId does not exist","service":"user-service"}
{"level":"error","message":"Server error while trying to create transaction: SequelizeValidationError: notNull Violation: Transaction.sourceAccountId cannot be null,\nnotNull Violation: Transaction.destinationAccountId cannot be null","service":"user-service"}
{"level":"error","message":"Server error while trying to create transaction: SequelizeValidationError: notNull Violation: Transaction.sourceAccountId cannot be null,\nnotNull Violation: Transaction.destinationAccountId cannot be null","service":"user-service"}
{"level":"error","message":"Server error while trying to create transaction: SequelizeValidationError: notNull Violation: Transaction.sourceAccountId cannot be null,\nnotNull Violation: Transaction.destinationAccountId cannot be null","service":"user-service"}
{"level":"error","message":"Server error while trying to create transaction: SequelizeValidationError: notNull Violation: Transaction.destinationAccountId cannot be null","service":"user-service"}
{"level":"error","message":"Server error while trying to create transaction: SequelizeDatabaseError: null value in column \"destinationAccountId\" of relation \"Transactions\" violates not-null constraint","service":"user-service"}
{"level":"error","message":"Server error while trying to create transaction: SequelizeDatabaseError: null value in column \"destinationAccountId\" of relation \"Transactions\" violates not-null constraint","service":"user-service"}
{"level":"error","message":"Server error while trying to create transaction: SequelizeDatabaseError: null value in column \"destinationAccountId\" of relation \"Transactions\" violates not-null constraint","service":"user-service"}
{"level":"error","message":"Server error while trying to create transaction: SequelizeDatabaseError: null value in column \"destinationAccountId\" of relation \"Transactions\" violates not-null constraint","service":"user-service"}
{"level":"error","message":"Server error while trying to create transaction: SequelizeDatabaseError: null value in column \"destinationAccountId\" of relation \"Transactions\" violates not-null constraint","service":"user-service"}
{"level":"error","message":"Server error while trying to create transaction: SequelizeDatabaseError: null value in column \"destinationAccountId\" of relation \"Transactions\" violates not-null constraint","service":"user-service"}
{"level":"error","message":"Server error while trying to fetch transaction with ID [object Object]: Error: Argument passed to findByPk is invalid: [object Object]","service":"user-service"}
{"level":"error","message":"Server error while trying to fetch transaction with ID 123456789001234: SequelizeDatabaseError: invalid input syntax for type uuid: \"123456789001234\"","service":"user-service"}
{"level":"error","message":"Server error while trying to fetch transactions for account with account number 123456789001234: ReferenceError: Sequelize is not defined","service":"user-service"}
{"level":"error","message":"Cannot read properties of undefined (reading 'or')","service":"user-service"}
{"level":"error","message":"(Number(...) + amount).toFixed is not a function","service":"user-service"}
{"level":"error","message":"Insufficient balance in account 079877854565236 to reverse the transaction","service":"user-service"}
{"level":"error","message":"Insufficient balance in account 079877854565236 to reverse the transaction","service":"user-service"}
{"level":"error","message":"Insufficient balance in account 079877854565236 to reverse the transaction","service":"user-service"}
{"level":"error","message":"Validation error: Validation min on amount failed","service":"user-service"}
{"level":"error","message":"Validation error: Validation min on amount failed","service":"user-service"}
{"level":"error","message":"User is not defined","service":"user-service"}
{"level":"error","message":"Insufficient balance","service":"user-service"}
{"level":"error","message":"nodemailer is not defined","service":"user-service"}
{"level":"error","message":"Unexpected token e in JSON at position 1","service":"user-service"}
{"level":"error","message":"Unexpected token e in JSON at position 1","service":"user-service"}
{"level":"error","message":"Op is not defined","service":"user-service"}
{"level":"error","message":"Unexpected token b in JSON at position 62","service":"user-service"}
{"level":"error","message":"Cannot reverse a deposit transaction","service":"user-service"}
{"level":"error","message":"Cannot reverse a deposit transaction","service":"user-service"}
{"level":"error","message":"sendSMS is not defined","service":"user-service"}
{"level":"error","message":"sendSMS is not defined","service":"user-service"}
{"level":"error","message":"sendSMS is not defined","service":"user-service"}
{"level":"error","message":"sendSMS is not defined","service":"user-service"}
{"level":"error","message":"sendSMS is not defined","service":"user-service"}
{"level":"error","message":"sendSMS is not defined","service":"user-service"}
{"level":"error","message":"Validation error: Validation min on balance failed","service":"user-service"}
{"level":"error","message":"Validation error: Validation min on balance failed","service":"user-service"}
{"level":"error","message":"sendSMS is not defined","service":"user-service"}
{"level":"error","message":"Destination account is not active","service":"user-service"}
{"level":"error","message":"sendSMS is not defined","service":"user-service"}
{"level":"error","message":"sendSMS is not defined","service":"user-service"}
{"level":"error","message":"invalid input value for enum \"enum_Transactions_type\": \"withdraw\"","service":"user-service"}
{"level":"error","message":"sendSMS is not defined","service":"user-service"}
{"level":"error","message":"sendSMS is not defined","service":"user-service"}
{"level":"error","message":"sendSMS is not defined","service":"user-service"}
{"level":"error","message":"invalid input syntax for type uuid: \"343cb41-fc83-4fed-9e8b-333c83d7b7d4\"","service":"user-service"}
{"level":"error","message":"sendSMS is not defined","service":"user-service"}
{"level":"error","message":"sendSMS is not defined","service":"user-service"}
{"level":"error","message":"sendSMS is not defined","service":"user-service"}
{"level":"error","message":"sendSMS is not defined","service":"user-service"}
{"level":"error","message":"sendSMS is not defined","service":"user-service"}
{"level":"error","message":"sendSMS is not defined","service":"user-service"}
{"level":"error","message":"sendSMS is not defined","service":"user-service"}
{"level":"error","message":"sendSMS is not defined","service":"user-service"}
{"level":"error","message":"Transfer transaction cannot happen on the same account","service":"user-service"}
{"level":"error","message":"sendSMS is not defined","service":"user-service"}
{"level":"error","message":"sendSMS is not defined","service":"user-service"}
{"level":"error","message":"The userId in the transaction does not match the userId of the source account","service":"user-service"}
{"level":"error","message":"sendSMS is not defined","service":"user-service"}
{"level":"error","message":"Unexpected token } in JSON at position 62","service":"user-service"}
{"level":"error","message":"Cannot read properties of undefined (reading '_modelAttribute')","service":"user-service"}
{"level":"error","message":"Cannot read properties of undefined (reading '_modelAttribute')","service":"user-service"}
{"level":"error","message":"Cannot read properties of undefined (reading '_modelAttribute')","service":"user-service"}
{"level":"error","message":"sendSMS is not defined","service":"user-service"}
{"level":"error","message":"sendSMS is not defined","service":"user-service"}
{"level":"error","message":"sendSMS is not defined","service":"user-service"}
{"level":"error","message":"sendSMS is not defined","service":"user-service"}
{"level":"error","message":"sendSMS is not defined","service":"user-service"}
{"level":"error","message":"Cannot read properties of undefined (reading '_modelAttribute')","service":"user-service"}
{"level":"error","message":"Cannot read properties of undefined (reading '_modelAttribute')","service":"user-service"}
{"level":"error","message":"Cannot read properties of undefined (reading '_modelAttribute')","service":"user-service"}
{"level":"error","message":"Cannot read properties of undefined (reading '_modelAttribute')","service":"user-service"}
{"level":"error","message":"Cannot read properties of undefined (reading '_modelAttribute')","service":"user-service"}
{"level":"error","message":"Transaction with ID 123e4567-e89b-12d3-a456-426614174000 not found","service":"user-service"}
{"level":"error","message":"Transaction d8355cdc-7f6a-45c3-9894-2209eb94b6c3 is already reversed","service":"user-service"}
{"level":"error","message":"Cannot read properties of undefined (reading '_modelAttribute')","service":"user-service"}
{"level":"error","message":"Cannot read properties of undefined (reading '_modelAttribute')","service":"user-service"}
{"level":"error","message":"Cannot read properties of undefined (reading '_modelAttribute')","service":"user-service"}
{"level":"error","message":"Cannot read properties of undefined (reading '_modelAttribute')","service":"user-service"}
{"level":"error","message":"Cannot read properties of undefined (reading '_modelAttribute')","service":"user-service"}
{"level":"error","message":"Cannot read properties of undefined (reading '_modelAttribute')","service":"user-service"}
{"level":"error","message":"sourceAccountId is not defined","service":"user-service"}
{"level":"error","message":"sendSMS is not defined","service":"user-service"}
{"level":"error","message":"sendSMS is not defined","service":"user-service"}
{"level":"error","message":"sendSMS is not defined","service":"user-service"}
{"level":"error","message":"sendSMS is not defined","service":"user-service"}
{"level":"error","message":"sendSMS is not defined","service":"user-service"}
{"level":"error","message":"sendSMS is not defined","service":"user-service"}
{"level":"error","message":"sendSMS is not defined","service":"user-service"}
{"level":"error","message":"sendSMS is not defined","service":"user-service"}
{"level":"error","message":"sendSMS is not defined","service":"user-service"}
{"level":"error","message":"sendSMS is not defined","service":"user-service"}
{"level":"error","message":"sendSMS is not defined","service":"user-service"}
{"level":"error","message":"sendSMS is not defined","service":"user-service"}
{"level":"error","message":"sendSMS is not defined","service":"user-service"}
{"level":"error","message":"Source account is not active","service":"user-service"}
{"level":"error","message":"Source account is not active","service":"user-service"}
{"level":"error","message":"sendSMS is not defined","service":"user-service"}
{"level":"error","message":"sendSMS is not defined","service":"user-service"}
{"level":"error","message":"sendSMS is not defined","service":"user-service"}
{"level":"error","message":"sendSMS is not defined","service":"user-service"}
{"level":"error","message":"sendSMS is not defined","service":"user-service"}
{"level":"error","message":"sendSMS is not defined","service":"user-service"}
{"level":"error","message":"sendSMS is not defined","service":"user-service"}
{"level":"error","message":"sendSMS is not defined","service":"user-service"}
{"level":"error","message":"sendSMS is not defined","service":"user-service"}
{"level":"error","message":"sendSMS is not defined","service":"user-service"}
{"level":"error","message":"sendSMS is not defined","service":"user-service"}
{"level":"error","message":"sendSMS is not defined","service":"user-service"}
{"level":"error","message":"sendSMS is not defined","service":"user-service"}
{"level":"error","message":"Cannot read properties of undefined (reading '_modelAttribute')","service":"user-service"}
{"level":"error","message":"sendSMS is not defined","service":"user-service"}
{"level":"error","message":"sendSMS is not defined","service":"user-service"}
{"level":"error","message":"sendSMS is not defined","service":"user-service"}
{"level":"error","message":"Server error while trying to get all accounts: SequelizeConnectionRefusedError: connect ECONNREFUSED ::1:5432","service":"user-service"}
{"level":"error","message":"connect ECONNREFUSED ::1:5432","service":"user-service"}
{"level":"error","message":"Server error while trying to get all accounts: SequelizeConnectionRefusedError: connect ECONNREFUSED ::1:5432","service":"user-service"}
{"level":"error","message":"connect ECONNREFUSED ::1:5432","service":"user-service"}
{"level":"error","message":"sendSMS is not defined","service":"user-service"}
{"level":"error","message":"sendSMS is not defined","service":"user-service"}
{"level":"error","message":"sendSMS is not defined","service":"user-service"}
{"level":"error","message":"sendSMS is not defined","service":"user-service"}
{"level":"error","message":"sendSMS is not defined","service":"user-service"}
{"level":"error","message":"Destination account is not active","service":"user-service"}
{"level":"error","message":"Destination account is not active","service":"user-service"}
{"level":"error","message":"sendSMS is not defined","service":"user-service"}
{"level":"error","message":"sendSMS is not defined","service":"user-service"}
{"level":"error","message":"sendSMS is not defined","service":"user-service"}
{"level":"error","message":"sendSMS is not defined","service":"user-service"}
{"level":"error","message":"sendSMS is not defined","service":"user-service"}
{"level":"error","message":"sendSMS is not defined","service":"user-service"}
{"level":"error","message":"sendSMS is not defined","service":"user-service"}
{"level":"error","message":"sendSMS is not defined","service":"user-service"}
{"level":"error","message":"sendSMS is not defined","service":"user-service"}
{"level":"error","message":"sendSMS is not defined","service":"user-service"}
{"level":"error","message":"sendSMS is not defined","service":"user-service"}
{"level":"error","message":"sendSMS is not defined","service":"user-service"}
{"level":"error","message":"sendSMS is not defined","service":"user-service"}
{"level":"error","message":"sendSMS is not defined","service":"user-service"}
{"level":"error","message":"sendSMS is not defined","service":"user-service"}
{"level":"error","message":"sendSMS is not defined","service":"user-service"}
{"level":"error","message":"sendSMS is not defined","service":"user-service"}
{"level":"error","message":"sendSMS is not defined","service":"user-service"}
{"level":"error","message":"sendSMS is not defined","service":"user-service"}
{"level":"error","message":"sendSMS is not defined","service":"user-service"}
{"level":"error","message":"sendSMS is not defined","service":"user-service"}
{"level":"error","message":"Validation error: Validation min on amount failed","service":"user-service"}
{"level":"error","message":"sendSMS is not defined","service":"user-service"}
{"level":"error","message":"sendSMS is not defined","service":"user-service"}
{"level":"error","message":"sendSMS is not defined","service":"user-service"}
{"level":"error","message":"sendSMS is not defined","service":"user-service"}
{"level":"error","message":"sendSMS is not defined","service":"user-service"}
{"level":"error","message":"sendSMS is not defined","service":"user-service"}
{"level":"error","message":"sendSMS is not defined","service":"user-service"}
{"level":"error","message":"sendSMS is not defined","service":"user-service"}
{"level":"error","message":"Validation error: Validation min on balance failed","service":"user-service"}
{"level":"error","message":"sendSMS is not defined","service":"user-service"}
{"level":"error","message":"sendSMS is not defined","service":"user-service"}
{"level":"error","message":"sendSMS is not defined","service":"user-service"}
{"level":"error","message":"sendSMS is not defined","service":"user-service"}
{"level":"error","message":"sendSMS is not defined","service":"user-service"}
{"level":"error","message":"sendSMS is not defined","service":"user-service"}
{"level":"error","message":"sendSMS is not defined","service":"user-service"}
{"level":"error","message":"sendSMS is not defined","service":"user-service"}
{"level":"error","message":"Destination account with number 1212121212121212 not found","service":"user-service"}
{"level":"error","message":"sendSMS is not defined","service":"user-service"}
{"level":"error","message":"sendSMS is not defined","service":"user-service"}
{"level":"error","message":"sendSMS is not defined","service":"user-service"}
{"level":"error","message":"sendSMS is not defined","service":"user-service"}
{"level":"error","message":"sendSMS is not defined","service":"user-service"}
{"level":"error","message":"sendSMS is not defined","service":"user-service"}
{"level":"error","message":"sendSMS is not defined","service":"user-service"}
{"level":"error","message":"sendSMS is not defined","service":"user-service"}
{"level":"error","message":"sendSMS is not defined","service":"user-service"}
{"level":"error","message":"sendSMS is not defined","service":"user-service"}
{"level":"error","message":"sendSMS is not defined","service":"user-service"}
{"level":"error","message":"sendSMS is not defined","service":"user-service"}
{"level":"error","message":"sendSMS is not defined","service":"user-service"}
{"level":"error","message":"sendSMS is not defined","service":"user-service"}
{"level":"error","message":"Destination account with number 00000000000001 not found","service":"user-service"}
{"level":"error","message":"sendSMS is not defined","service":"user-service"}
{"level":"error","message":"sendSMS is not defined","service":"user-service"}
{"level":"error","message":"sendSMS is not defined","service":"user-service"}
{"level":"error","message":"sendSMS is not defined","service":"user-service"}
{"level":"error","message":"sendSMS is not defined","service":"user-service"}
{"level":"error","message":"sendSMS is not defined","service":"user-service"}
{"level":"error","message":"sendSMS is not defined","service":"user-service"}
{"level":"error","message":"sendSMS is not defined","service":"user-service"}
{"level":"error","message":"sendSMS is not defined","service":"user-service"}
{"level":"error","message":"sendSMS is not defined","service":"user-service"}
{"level":"error","message":"sendSMS is not defined","service":"user-service"}
{"level":"error","message":"Server error while trying to get accounts by user ID: SequelizeConnectionRefusedError: connect ECONNREFUSED ::1:5432","service":"user-service"}
{"level":"error","message":"connect ECONNREFUSED ::1:5432","service":"user-service"}
{"level":"error","message":"sendSMS is not defined","service":"user-service"}
{"level":"error","message":"sendSMS is not defined","service":"user-service"}
{"level":"error","message":"sendSMS is not defined","service":"user-service"}
{"level":"error","message":"sendSMS is not defined","service":"user-service"}
{"level":"error","message":"sendSMS is not defined","service":"user-service"}
{"level":"error","message":"sendSMS is not defined","service":"user-service"}
{"level":"error","message":"sendSMS is not defined","service":"user-service"}
{"level":"error","message":"sendSMS is not defined","service":"user-service"}
{"level":"error","message":"sendSMS is not defined","service":"user-service"}
{"level":"error","message":"sendSMS is not defined","service":"user-service"}
{"level":"error","message":"sendSMS is not defined","service":"user-service"}
{"level":"error","message":"sendSMS is not defined","service":"user-service"}
{"level":"error","message":"sendSMS is not defined","service":"user-service"}
{"level":"error","message":"sendSMS is not defined","service":"user-service"}
{"level":"error","message":"sendSMS is not defined","service":"user-service"}
{"level":"error","message":"sendSMS is not defined","service":"user-service"}
{"level":"error","message":"sendSMS is not defined","service":"user-service"}
{"level":"error","message":"sendSMS is not defined","service":"user-service"}
{"level":"error","message":"sendSMS is not defined","service":"user-service"}
{"level":"error","message":"sendSMS is not defined","service":"user-service"}
{"level":"error","message":"Destination account with number 123456789123456 not found","service":"user-service"}
{"level":"error","message":"Destination account with number 123456789654321 not found","service":"user-service"}
{"level":"error","message":"Destination account with number 120000000000001 not found","service":"user-service"}
{"level":"error","message":"Destination account with number 120000000000000 not found","service":"user-service"}
{"level":"error","message":"Destination account with number 100000000011111 not found","service":"user-service"}
{"level":"error","message":"Destination account is not active","service":"user-service"}
{"level":"error","message":"sendSMS is not defined","service":"user-service"}
{"level":"error","message":"sendSMS is not defined","service":"user-service"}
{"level":"error","message":"sendSMS is not defined","service":"user-service"}
{"level":"error","message":"sendSMS is not defined","service":"user-service"}
{"level":"error","message":"sendSMS is not defined","service":"user-service"}
{"level":"error","message":"sendSMS is not defined","service":"user-service"}
{"level":"error","message":"sendSMS is not defined","service":"user-service"}
{"level":"error","message":"sendSMS is not defined","service":"user-service"}
{"level":"error","message":"sendSMS is not defined","service":"user-service"}
{"level":"error","message":"sendSMS is not defined","service":"user-service"}
{"level":"error","message":"sendSMS is not defined","service":"user-service"}
{"level":"error","message":"sendSMS is not defined","service":"user-service"}
{"level":"error","message":"sendSMS is not defined","service":"user-service"}
{"level":"error","message":"sendSMS is not defined","service":"user-service"}
{"level":"error","message":"sendSMS is not defined","service":"user-service"}
{"level":"error","message":"sendSMS is not defined","service":"user-service"}
{"level":"error","message":"sendSMS is not defined","service":"user-service"}
{"level":"error","message":"sendSMS is not defined","service":"user-service"}
{"level":"error","message":"sendSMS is not defined","service":"user-service"}
{"level":"error","message":"sendSMS is not defined","service":"user-service"}
{"level":"error","message":"sendSMS is not defined","service":"user-service"}
{"level":"error","message":"sendSMS is not defined","service":"user-service"}
{"level":"error","message":"sendSMS is not defined","service":"user-service"}
{"level":"error","message":"sendSMS is not defined","service":"user-service"}
{"level":"error","message":"sendSMS is not defined","service":"user-service"}
{"level":"error","message":"sendSMS is not defined","service":"user-service"}
{"level":"error","message":"sendSMS is not defined","service":"user-service"}
{"level":"error","message":"Validation error","service":"user-service"}
{"level":"error","message":"Server error while trying to get all accounts: Error: secretOrPrivateKey must have a value","service":"user-service"}
{"level":"error","message":"secretOrPrivateKey must have a value","service":"user-service"}
{"level":"error","message":"Server error while trying to get all accounts: Error: secretOrPrivateKey must have a value","service":"user-service"}
{"level":"error","message":"secretOrPrivateKey must have a value","service":"user-service"}
{"level":"error","message":"Server error while trying to get all accounts: Error: secretOrPrivateKey must have a value","service":"user-service"}
{"level":"error","message":"secretOrPrivateKey must have a value","service":"user-service"}
{"level":"error","message":"Server error while trying to get all accounts: Error: secretOrPrivateKey must have a value","service":"user-service"}
{"level":"error","message":"secretOrPrivateKey must have a value","service":"user-service"}
{"level":"error","message":"Server error while trying to get all accounts: Error: secretOrPrivateKey must have a value","service":"user-service"}
{"level":"error","message":"secretOrPrivateKey must have a value","service":"user-service"}
{"level":"error","message":"Server error while trying to get all accounts: Error: secretOrPrivateKey must have a value","service":"user-service"}
{"level":"error","message":"secretOrPrivateKey must have a value","service":"user-service"}
{"level":"error","message":"Unexpected token 'j', ...\"{\"email\": johnie.doo\"... is not valid JSON","service":"user-service"}
